\BOOKMARK [0][-]{chapter.1}{\376\377\000B\000a\000s\000i\000c\000s}{}% 1
\BOOKMARK [1][-]{section.1.1}{\376\377\000D\000i\000f\000f\000e\000r\000e\000n\000t\000i\000a\000l\000\040\000e\000q\000u\000a\000t\000i\000o\000n\000s}{chapter.1}% 2
\BOOKMARK [1][-]{section.1.2}{\376\377\000M\000a\000c\000h\000i\000n\000e\000\040\000U\000n\000i\000t}{chapter.1}% 3
\BOOKMARK [1][-]{section.1.3}{\376\377\000C\000o\000m\000p\000u\000t\000i\000n\000g\000\040\000e\000l\000e\000m\000e\000n\000t\000s}{chapter.1}% 4
\BOOKMARK [2][-]{subsection.1.3.1}{\376\377\000C\000o\000e\000f\000f\000i\000c\000i\000e\000n\000t\000\040\000p\000o\000t\000e\000n\000t\000i\000o\000m\000e\000t\000e\000r}{section.1.3}% 5
\BOOKMARK [2][-]{subsection.1.3.2}{\376\377\000O\000p\000e\000r\000a\000t\000i\000o\000n\000\040\000a\000m\000p\000l\000i\000f\000i\000e\000r}{section.1.3}% 6
\BOOKMARK [2][-]{subsection.1.3.3}{\376\377\000S\000u\000m\000m\000e\000r}{section.1.3}% 7
\BOOKMARK [2][-]{subsection.1.3.4}{\376\377\000I\000n\000t\000e\000g\000r\000a\000t\000o\000r}{section.1.3}% 8
\BOOKMARK [3][-]{subsubsection*.3}{\376\377\000P\000r\000i\000c\000i\000p\000l\000e\000\040\000c\000i\000r\000c\000u\000i\000t}{subsection.1.3.4}% 9
\BOOKMARK [3][-]{subsubsection*.4}{\376\377\000P\000r\000a\000c\000t\000i\000c\000a\000l\000\040\000c\000i\000r\000c\000u\000i\000t}{subsection.1.3.4}% 10
\BOOKMARK [2][-]{subsection.1.3.5}{\376\377\000F\000u\000n\000c\000t\000i\000o\000n\000\040\000g\000e\000n\000e\000r\000a\000t\000o\000r\000s}{section.1.3}% 11
\BOOKMARK [2][-]{subsection.1.3.6}{\376\377\000C\000r\000e\000a\000t\000i\000n\000g\000\040\000i\000n\000v\000e\000r\000s\000e\000\040\000f\000u\000n\000c\000t\000i\000o\000n\000s}{section.1.3}% 12
\BOOKMARK [2][-]{subsection.1.3.7}{\376\377\000M\000u\000l\000t\000i\000p\000l\000i\000e\000r}{section.1.3}% 13
\BOOKMARK [3][-]{subsubsection*.5}{\376\377\000D\000e\000v\000i\000s\000i\000o\000n\000\040\000a\000n\000d\000\040\000r\000o\000o\000t}{subsection.1.3.7}% 14
\BOOKMARK [2][-]{subsection.1.3.8}{\376\377\000C\000o\000m\000p\000e\000r\000a\000t\000o\000r\000s}{section.1.3}% 15
\BOOKMARK [2][-]{subsection.1.3.9}{\376\377\000C\000o\000o\000r\000d\000i\000n\000a\000t\000e\000\040\000c\000o\000n\000v\000e\000r\000t\000e\000r}{section.1.3}% 16
\BOOKMARK [2][-]{subsection.1.3.10}{\376\377\000D\000e\000l\000a\000y\000s}{section.1.3}% 17
\BOOKMARK [2][-]{subsection.1.3.11}{\376\377\000N\000o\000i\000s\000e\000\040\000g\000e\000n\000e\000r\000a\000t\000o\000r\000s}{section.1.3}% 18
\BOOKMARK [2][-]{subsection.1.3.12}{\376\377\000P\000a\000t\000c\000h\000\040\000f\000i\000e\000l\000d}{section.1.3}% 19
\BOOKMARK [2][-]{subsection.1.3.13}{\376\377\000O\000u\000t\000p\000u\000t\000\040\000d\000e\000v\000i\000c\000e\000s}{section.1.3}% 20
\BOOKMARK [1][-]{section.1.4}{\376\377\000O\000p\000e\000r\000a\000t\000i\000o\000n\000\040\000m\000o\000d\000e\000s\000\040\000o\000f\000\040\000a\000n\000a\000l\000o\000g\000\040\000c\000o\000m\000p\000u\000t\000e\000r\000s}{chapter.1}% 21
\BOOKMARK [1][-]{section.1.5}{\376\377\000P\000r\000o\000g\000r\000a\000m\000m\000i\000n\000g\000\040\000a\000n\000a\000l\000o\000g\000\040\000c\000o\000m\000p\000u\000t\000e\000r\000s}{chapter.1}% 22
\BOOKMARK [1][-]{section.1.6}{\376\377\000V\000i\000s\000u\000a\000l\000i\000z\000a\000t\000i\000o\000n\000\040\000o\000f\000\040\000c\000o\000m\000p\000u\000t\000i\000n\000g\000\040\000r\000e\000s\000u\000l\000t\000s}{chapter.1}% 23
\BOOKMARK [0][-]{chapter.2}{\376\377\000A\000p\000p\000l\000i\000c\000a\000t\000i\000o\000n\000s}{}% 24
\BOOKMARK [1][-]{section.2.1}{\376\377\000H\000i\000n\000d\000m\000a\000r\000s\000h\000-\000R\000o\000s\000e\000\040\000n\000e\000u\000r\000o\000n\000\040\000m\000o\000d\000e\000l}{chapter.2}% 25
\BOOKMARK [1][-]{section.2.2}{\376\377\000L\000o\000r\000e\000n\000z\000\040\000a\000t\000t\000r\000a\000c\000t\000o\000r}{chapter.2}% 26
\BOOKMARK [0][-]{chapter.3}{\376\377\000H\000i\000s\000t\000o\000r\000y}{}% 27
\BOOKMARK [1][-]{section.3.1}{\376\377\000E\000a\000r\000l\000y\000\040\000e\000l\000e\000c\000t\000r\000o\000n\000i\000c\000\040\000a\000n\000a\000l\000o\000g\000\040\000c\000o\000m\000p\000u\000t\000e\000r\000s\000:}{chapter.3}% 28
\BOOKMARK [1][-]{section.3.2}{\376\377\000M\000e\000c\000h\000a\000n\000i\000c\000a\000l\000\040\000a\000n\000a\000l\000o\000g\000\040\000c\000o\000m\000p\000u\000t\000e\000r\000s}{chapter.3}% 29
\BOOKMARK [1][-]{section.3.3}{\376\377\000E\000l\000e\000c\000t\000r\000o\000n\000i\000c\000\040\000a\000n\000a\000l\000o\000g\000\040\000c\000o\000m\000p\000u\000t\000e\000r\000s\000\040\000s\000i\000n\000c\000e\000\040\0001\0009\0005\0000}{chapter.3}% 30
